<?xml version="1.0" encoding="UTF-8"?>
<!-- Generated by org.testng.reporters.JUnitReportReporter -->
<testsuite hostname="DESKTOP-JGP7MVT" failures="0" tests="1" name="Testcases.VerifySignupPage" time="13.974" errors="0" timestamp="2022-09-23T13:10:46 IST" skipped="0">
  <testcase classname="Testcases.VerifySignupPage" name="Register" time="13.974"/>
  <system-out/>
</testsuite> <!-- Testcases.VerifySignupPage -->
