<?xml version="1.0" encoding="UTF-8"?>
<!-- Generated by org.testng.reporters.JUnitReportReporter -->
<testsuite hostname="DESKTOP-JGP7MVT" failures="0" tests="1" name="Testcases.VerifyLoginPage" time="13.207" errors="0" timestamp="2022-09-24T10:51:28 IST" skipped="0">
  <testcase classname="Testcases.VerifyLoginPage" name="login" time="13.207"/>
  <system-out/>
</testsuite> <!-- Testcases.VerifyLoginPage -->
